<?xml version="1.0" encoding="UTF-8"?>
<!-- Generated by org.testng.reporters.JUnitXMLReporter -->
<testsuite ignored="0" hostname="DESKTOP-V6I1E6E" failures="2" tests="3" name="Test" time="70.577" errors="0" timestamp="2022-05-31T09:36:24 IST">
  <testcase classname="insuranceCalculation_Motorcycle.VerifyInsurancePremiumforHondaMotorCycle" name="insuranceCalculate_FordMoped" time="8.315">
    <failure type="java.lang.AssertionError" message="Pricing for Silver plan is not Matching. expected [258.00] but found [93.00]">
      <![CDATA[java.lang.AssertionError: Pricing for Silver plan is not Matching. expected [258.00] but found [93.00]
at insuranceCalculation_Motorcycle.VerifyInsurancePremiumforHondaMotorCycle.insuranceCalculate_FordMoped(VerifyInsurancePremiumforHondaMotorCycle.java:71)
at java.base/java.util.ArrayList.forEach(ArrayList.java:1511)
... Removed 30 stack frames]]>
    </failure>
  </testcase> <!-- insuranceCalculate_FordMoped -->
  <testcase classname="insuranceCalculation_Motorcycle.VerifyInsurancePremiumforHondaMotorCycle" name="insuranceCalculate_Honda" time="7.526"/>
  <testcase classname="insuranceCalculation_Motorcycle.VerifyInsurancePremiumforHondaMotorCycle" name="insuranceCalculate_Volvo" time="6.474">
    <failure type="java.lang.AssertionError" message="Pricing for Gold plan is not Matching. expected [696.00] but found [772.00]">
      <![CDATA[java.lang.AssertionError: Pricing for Gold plan is not Matching. expected [696.00] but found [772.00]
at insuranceCalculation_Motorcycle.VerifyInsurancePremiumforHondaMotorCycle.insuranceCalculate_Volvo(VerifyInsurancePremiumforHondaMotorCycle.java:51)
at java.base/java.util.ArrayList.forEach(ArrayList.java:1511)
... Removed 30 stack frames]]>
    </failure>
  </testcase> <!-- insuranceCalculate_Volvo -->
</testsuite> <!-- Test -->
