<?xml version="1.0" encoding="UTF-8"?>
<testng-results ignored="0" total="3" passed="1" failed="2" skipped="0">
  <reporter-output>
  </reporter-output>
  <suite started-at="2022-05-30T21:36:39 IST" name="Suite" finished-at="2022-05-30T21:37:33 IST" duration-ms="53346">
    <groups>
    </groups>
    <test started-at="2022-05-30T21:36:39 IST" name="Test" finished-at="2022-05-30T21:37:33 IST" duration-ms="53346">
      <class name="insuranceCalculation_Motorcycle.VerifyInsurancePremiumforHondaMotorCycle">
        <test-method is-config="true" signature="SetUpMethod()[pri:0, instance:insuranceCalculation_Motorcycle.VerifyInsurancePremiumforHondaMotorCycle@436390f4]" started-at="2022-05-30T21:36:40 IST" name="SetUpMethod" finished-at="2022-05-30T21:36:55 IST" duration-ms="15444" status="PASS">
          <reporter-output>
          </reporter-output>
        </test-method> <!-- SetUpMethod -->
        <test-method signature="insuranceCalculate_FordMoped()[pri:0, instance:insuranceCalculation_Motorcycle.VerifyInsurancePremiumforHondaMotorCycle@436390f4]" started-at="2022-05-30T21:36:55 IST" name="insuranceCalculate_FordMoped" finished-at="2022-05-30T21:37:02 IST" duration-ms="6773" status="FAIL">
          <exception class="java.lang.AssertionError">
            <message>
              <![CDATA[Pricing for Silver plan is not Matching. expected [258.00] but found [93.00]]]>
            </message>
            <full-stacktrace>
              <![CDATA[java.lang.AssertionError: Pricing for Silver plan is not Matching. expected [258.00] but found [93.00]
at org.testng.Assert.fail(Assert.java:110)
at org.testng.Assert.failNotEquals(Assert.java:1413)
at org.testng.Assert.assertEqualsImpl(Assert.java:149)
at org.testng.Assert.assertEquals(Assert.java:131)
at org.testng.Assert.assertEquals(Assert.java:655)
at insuranceCalculation_Motorcycle.VerifyInsurancePremiumforHondaMotorCycle.insuranceCalculate_FordMoped(VerifyInsurancePremiumforHondaMotorCycle.java:71)
at java.base/jdk.internal.reflect.DirectMethodHandleAccessor.invoke(DirectMethodHandleAccessor.java:104)
at java.base/java.lang.reflect.Method.invoke(Method.java:577)
at org.testng.internal.invokers.MethodInvocationHelper.invokeMethod(MethodInvocationHelper.java:135)
at org.testng.internal.invokers.TestInvoker.invokeMethod(TestInvoker.java:673)
at org.testng.internal.invokers.TestInvoker.invokeTestMethod(TestInvoker.java:220)
at org.testng.internal.invokers.MethodRunner.runInSequence(MethodRunner.java:50)
at org.testng.internal.invokers.TestInvoker$MethodInvocationAgent.invoke(TestInvoker.java:945)
at org.testng.internal.invokers.TestInvoker.invokeTestMethods(TestInvoker.java:193)
at org.testng.internal.invokers.TestMethodWorker.invokeTestMethods(TestMethodWorker.java:146)
at org.testng.internal.invokers.TestMethodWorker.run(TestMethodWorker.java:128)
at java.base/java.util.ArrayList.forEach(ArrayList.java:1511)
at org.testng.TestRunner.privateRun(TestRunner.java:808)
at org.testng.TestRunner.run(TestRunner.java:603)
at org.testng.SuiteRunner.runTest(SuiteRunner.java:429)
at org.testng.SuiteRunner.runSequentially(SuiteRunner.java:423)
at org.testng.SuiteRunner.privateRun(SuiteRunner.java:383)
at org.testng.SuiteRunner.run(SuiteRunner.java:326)
at org.testng.SuiteRunnerWorker.runSuite(SuiteRunnerWorker.java:52)
at org.testng.SuiteRunnerWorker.run(SuiteRunnerWorker.java:95)
at org.testng.TestNG.runSuitesSequentially(TestNG.java:1249)
at org.testng.TestNG.runSuitesLocally(TestNG.java:1169)
at org.testng.TestNG.runSuites(TestNG.java:1092)
at org.testng.TestNG.run(TestNG.java:1060)
at org.apache.maven.surefire.testng.TestNGExecutor.run(TestNGExecutor.java:324)
at org.apache.maven.surefire.testng.TestNGXmlTestSuite.execute(TestNGXmlTestSuite.java:74)
at org.apache.maven.surefire.testng.TestNGProvider.invoke(TestNGProvider.java:123)
at org.apache.maven.surefire.booter.ForkedBooter.runSuitesInProcess(ForkedBooter.java:456)
at org.apache.maven.surefire.booter.ForkedBooter.execute(ForkedBooter.java:169)
at org.apache.maven.surefire.booter.ForkedBooter.run(ForkedBooter.java:595)
at org.apache.maven.surefire.booter.ForkedBooter.main(ForkedBooter.java:581)
]]>
            </full-stacktrace>
          </exception> <!-- java.lang.AssertionError -->
          <reporter-output>
          </reporter-output>
        </test-method> <!-- insuranceCalculate_FordMoped -->
        <test-method is-config="true" signature="ClosureMethod()[pri:0, instance:insuranceCalculation_Motorcycle.VerifyInsurancePremiumforHondaMotorCycle@436390f4]" started-at="2022-05-30T21:37:02 IST" name="ClosureMethod" finished-at="2022-05-30T21:37:03 IST" duration-ms="1345" status="PASS">
          <reporter-output>
          </reporter-output>
        </test-method> <!-- ClosureMethod -->
        <test-method is-config="true" signature="SetUpMethod()[pri:0, instance:insuranceCalculation_Motorcycle.VerifyInsurancePremiumforHondaMotorCycle@436390f4]" started-at="2022-05-30T21:37:03 IST" name="SetUpMethod" finished-at="2022-05-30T21:37:09 IST" duration-ms="5986" status="PASS">
          <reporter-output>
          </reporter-output>
        </test-method> <!-- SetUpMethod -->
        <test-method signature="insuranceCalculate_Honda()[pri:0, instance:insuranceCalculation_Motorcycle.VerifyInsurancePremiumforHondaMotorCycle@436390f4]" started-at="2022-05-30T21:37:09 IST" name="insuranceCalculate_Honda" finished-at="2022-05-30T21:37:17 IST" duration-ms="7808" status="PASS">
          <reporter-output>
          </reporter-output>
        </test-method> <!-- insuranceCalculate_Honda -->
        <test-method is-config="true" signature="ClosureMethod()[pri:0, instance:insuranceCalculation_Motorcycle.VerifyInsurancePremiumforHondaMotorCycle@436390f4]" started-at="2022-05-30T21:37:17 IST" name="ClosureMethod" finished-at="2022-05-30T21:37:19 IST" duration-ms="1331" status="PASS">
          <reporter-output>
          </reporter-output>
        </test-method> <!-- ClosureMethod -->
        <test-method is-config="true" signature="SetUpMethod()[pri:0, instance:insuranceCalculation_Motorcycle.VerifyInsurancePremiumforHondaMotorCycle@436390f4]" started-at="2022-05-30T21:37:19 IST" name="SetUpMethod" finished-at="2022-05-30T21:37:25 IST" duration-ms="6012" status="PASS">
          <reporter-output>
          </reporter-output>
        </test-method> <!-- SetUpMethod -->
        <test-method signature="insuranceCalculate_Volvo()[pri:0, instance:insuranceCalculation_Motorcycle.VerifyInsurancePremiumforHondaMotorCycle@436390f4]" started-at="2022-05-30T21:37:25 IST" name="insuranceCalculate_Volvo" finished-at="2022-05-30T21:37:31 IST" duration-ms="6438" status="FAIL">
          <exception class="java.lang.AssertionError">
            <message>
              <![CDATA[Pricing for Gold plan is not Matching. expected [696.00] but found [772.00]]]>
            </message>
            <full-stacktrace>
              <![CDATA[java.lang.AssertionError: Pricing for Gold plan is not Matching. expected [696.00] but found [772.00]
at org.testng.Assert.fail(Assert.java:110)
at org.testng.Assert.failNotEquals(Assert.java:1413)
at org.testng.Assert.assertEqualsImpl(Assert.java:149)
at org.testng.Assert.assertEquals(Assert.java:131)
at org.testng.Assert.assertEquals(Assert.java:655)
at insuranceCalculation_Motorcycle.VerifyInsurancePremiumforHondaMotorCycle.insuranceCalculate_Volvo(VerifyInsurancePremiumforHondaMotorCycle.java:51)
at java.base/jdk.internal.reflect.DirectMethodHandleAccessor.invoke(DirectMethodHandleAccessor.java:104)
at java.base/java.lang.reflect.Method.invoke(Method.java:577)
at org.testng.internal.invokers.MethodInvocationHelper.invokeMethod(MethodInvocationHelper.java:135)
at org.testng.internal.invokers.TestInvoker.invokeMethod(TestInvoker.java:673)
at org.testng.internal.invokers.TestInvoker.invokeTestMethod(TestInvoker.java:220)
at org.testng.internal.invokers.MethodRunner.runInSequence(MethodRunner.java:50)
at org.testng.internal.invokers.TestInvoker$MethodInvocationAgent.invoke(TestInvoker.java:945)
at org.testng.internal.invokers.TestInvoker.invokeTestMethods(TestInvoker.java:193)
at org.testng.internal.invokers.TestMethodWorker.invokeTestMethods(TestMethodWorker.java:146)
at org.testng.internal.invokers.TestMethodWorker.run(TestMethodWorker.java:128)
at java.base/java.util.ArrayList.forEach(ArrayList.java:1511)
at org.testng.TestRunner.privateRun(TestRunner.java:808)
at org.testng.TestRunner.run(TestRunner.java:603)
at org.testng.SuiteRunner.runTest(SuiteRunner.java:429)
at org.testng.SuiteRunner.runSequentially(SuiteRunner.java:423)
at org.testng.SuiteRunner.privateRun(SuiteRunner.java:383)
at org.testng.SuiteRunner.run(SuiteRunner.java:326)
at org.testng.SuiteRunnerWorker.runSuite(SuiteRunnerWorker.java:52)
at org.testng.SuiteRunnerWorker.run(SuiteRunnerWorker.java:95)
at org.testng.TestNG.runSuitesSequentially(TestNG.java:1249)
at org.testng.TestNG.runSuitesLocally(TestNG.java:1169)
at org.testng.TestNG.runSuites(TestNG.java:1092)
at org.testng.TestNG.run(TestNG.java:1060)
at org.apache.maven.surefire.testng.TestNGExecutor.run(TestNGExecutor.java:324)
at org.apache.maven.surefire.testng.TestNGXmlTestSuite.execute(TestNGXmlTestSuite.java:74)
at org.apache.maven.surefire.testng.TestNGProvider.invoke(TestNGProvider.java:123)
at org.apache.maven.surefire.booter.ForkedBooter.runSuitesInProcess(ForkedBooter.java:456)
at org.apache.maven.surefire.booter.ForkedBooter.execute(ForkedBooter.java:169)
at org.apache.maven.surefire.booter.ForkedBooter.run(ForkedBooter.java:595)
at org.apache.maven.surefire.booter.ForkedBooter.main(ForkedBooter.java:581)
]]>
            </full-stacktrace>
          </exception> <!-- java.lang.AssertionError -->
          <reporter-output>
          </reporter-output>
        </test-method> <!-- insuranceCalculate_Volvo -->
        <test-method is-config="true" signature="ClosureMethod()[pri:0, instance:insuranceCalculation_Motorcycle.VerifyInsurancePremiumforHondaMotorCycle@436390f4]" started-at="2022-05-30T21:37:31 IST" name="ClosureMethod" finished-at="2022-05-30T21:37:33 IST" duration-ms="1330" status="PASS">
          <reporter-output>
          </reporter-output>
        </test-method> <!-- ClosureMethod -->
      </class> <!-- insuranceCalculation_Motorcycle.VerifyInsurancePremiumforHondaMotorCycle -->
    </test> <!-- Test -->
  </suite> <!-- Suite -->
</testng-results>
